<?xml version="1.0" encoding="UTF-8"?>
<!-- Generated by org.testng.reporters.JUnitReportReporter -->
<testsuite skipped="0" hostname="LAPTOP-J356IMTJ" name="qaclickacademy.RestTest" tests="1" failures="0" timestamp="2019-02-14T19:10:12 CET" time="0.006" errors="0">
  <testcase name="rest" time="0.006" classname="qaclickacademy.RestTest"/>
</testsuite> <!-- qaclickacademy.RestTest -->
